<?xml version="1.0" encoding="UTF-8"?>
<testng-results skipped="0" failed="0" total="2" passed="2">
  <reporter-output>
  </reporter-output>
  <suite name="Default suite" duration-ms="149012" started-at="2016-01-17T09:27:54Z" finished-at="2016-01-17T09:30:23Z">
    <groups>
    </groups>
    <test name="Default test" duration-ms="149012" started-at="2016-01-17T09:27:54Z" finished-at="2016-01-17T09:30:23Z">
      <class name="com.dev.GmailTest.GmailTest">
        <test-method status="PASS" signature="SignIn()[pri:0, instance:com.dev.GmailTest.GmailTest@1531931]" name="SignIn" duration-ms="77910" started-at="2016-01-17T14:57:54Z" finished-at="2016-01-17T14:59:12Z">
          <reporter-output>
          </reporter-output>
        </test-method> <!-- SignIn -->
        <test-method status="PASS" signature="chekEmail()[pri:0, instance:com.dev.GmailTest.GmailTest@1531931]" name="chekEmail" duration-ms="70947" started-at="2016-01-17T14:59:12Z" finished-at="2016-01-17T15:00:23Z">
          <reporter-output>
          </reporter-output>
        </test-method> <!-- chekEmail -->
      </class> <!-- com.dev.GmailTest.GmailTest -->
    </test> <!-- Default test -->
  </suite> <!-- Default suite -->
</testng-results>
